  test_12_21.c
D:\CodePractice\C-Code\test_12_21\test_12_21.c(49,2): error C2143: 语法错误: 缺少“;”(在“}”的前面)
D:\CodePractice\C-Code\test_12_21\test_12_21.c(52,1): fatal error C1004: 发现意外的文件尾
